#-----------------------------------------------------------
# Vivado v2017.4 (64-bit)
# SW Build 2086221 on Fri Dec 15 20:55:39 MST 2017
# IP Build 2085800 on Fri Dec 15 22:25:07 MST 2017
# Start of session at: Thu May 10 23:56:19 2018
# Process ID: 7348
# Current directory: C:/Users/CPEG202/Desktop/zybo-stuff/Lab10Part1
# Command line: vivado.exe -gui_launcher_event rodinguilauncherevent7468 C:\Users\CPEG202\Desktop\zybo-stuff\Lab10Part1\Lab10Part1.xpr
# Log file: C:/Users/CPEG202/Desktop/zybo-stuff/Lab10Part1/vivado.log
# Journal file: C:/Users/CPEG202/Desktop/zybo-stuff/Lab10Part1\vivado.jou
#-----------------------------------------------------------
start_gui
open_project C:/Users/CPEG202/Desktop/zybo-stuff/Lab10Part1/Lab10Part1.xpr
Scanning sources...
Finished scanning sources
INFO: [IP_Flow 19-234] Refreshing IP repositories
INFO: [IP_Flow 19-1704] No user IP repositories specified
INFO: [IP_Flow 19-2313] Loaded Vivado IP repository 'C:/Xilinx/Vivado/2017.4/data/ip'.
open_project: Time (s): cpu = 00:00:08 ; elapsed = 00:00:05 . Memory (MB): peak = 715.801 ; gain = 30.656
update_compile_order -fileset sources_1
update_compile_order -fileset sources_1
launch_runs impl_1 -to_step write_bitstream
[Thu May 10 23:58:37 2018] Launched synth_1...
Run output will be captured here: C:/Users/CPEG202/Desktop/zybo-stuff/Lab10Part1/Lab10Part1.runs/synth_1/runme.log
[Thu May 10 23:58:37 2018] Launched impl_1...
Run output will be captured here: C:/Users/CPEG202/Desktop/zybo-stuff/Lab10Part1/Lab10Part1.runs/impl_1/runme.log
