#-----------------------------------------------------------
# Vivado v2017.4 (64-bit)
# SW Build 2086221 on Fri Dec 15 20:55:39 MST 2017
# IP Build 2085800 on Fri Dec 15 22:25:07 MST 2017
# Start of session at: Fri Apr 27 01:40:12 2018
# Process ID: 968
# Current directory: C:/Users/CPEG202/Desktop/zybo-stuff/Lab8
# Command line: vivado.exe -gui_launcher_event rodinguilauncherevent96 C:\Users\CPEG202\Desktop\zybo-stuff\Lab8\Lab8.xpr
# Log file: C:/Users/CPEG202/Desktop/zybo-stuff/Lab8/vivado.log
# Journal file: C:/Users/CPEG202/Desktop/zybo-stuff/Lab8\vivado.jou
#-----------------------------------------------------------
start_gui
open_project C:/Users/CPEG202/Desktop/zybo-stuff/Lab8/Lab8.xpr
Scanning sources...
Finished scanning sources
INFO: [IP_Flow 19-234] Refreshing IP repositories
INFO: [IP_Flow 19-1704] No user IP repositories specified
INFO: [IP_Flow 19-2313] Loaded Vivado IP repository 'C:/Xilinx/Vivado/2017.4/data/ip'.
open_project: Time (s): cpu = 00:00:19 ; elapsed = 00:00:54 . Memory (MB): peak = 638.512 ; gain = 37.629
update_compile_order -fileset sources_1
launch_runs synth_1
[Fri Apr 27 03:28:22 2018] Launched synth_1...
Run output will be captured here: C:/Users/CPEG202/Desktop/zybo-stuff/Lab8/Lab8.runs/synth_1/runme.log
reset_run synth_1
